ERROR - 2023-05-20 02:27:22 --> mysqli_sql_exception: Table 'profil.profil_dessy' doesn't exist in D:\xampp\htdocs\dfaphp\vendor\codeigniter4\framework\system\Database\MySQLi\Connection.php:295
Stack trace:
#0 D:\xampp\htdocs\dfaphp\vendor\codeigniter4\framework\system\Database\MySQLi\Connection.php(295): mysqli->query('SELECT *\nFROM `...', 0)
#1 D:\xampp\htdocs\dfaphp\vendor\codeigniter4\framework\system\Database\BaseConnection.php(692): CodeIgniter\Database\MySQLi\Connection->execute('SELECT *\nFROM `...')
#2 D:\xampp\htdocs\dfaphp\vendor\codeigniter4\framework\system\Database\BaseConnection.php(606): CodeIgniter\Database\BaseConnection->simpleQuery('SELECT *\nFROM `...')
#3 D:\xampp\htdocs\dfaphp\vendor\codeigniter4\framework\system\Database\BaseBuilder.php(1616): CodeIgniter\Database\BaseConnection->query('SELECT *\nFROM `...', Array, false)
#4 D:\xampp\htdocs\dfaphp\vendor\codeigniter4\framework\system\Model.php(241): CodeIgniter\Database\BaseBuilder->get()
#5 D:\xampp\htdocs\dfaphp\vendor\codeigniter4\framework\system\BaseModel.php(618): CodeIgniter\Model->doFindAll(0, 0)
#6 D:\xampp\htdocs\dfaphp\app\Controllers\Dessy.php(31): CodeIgniter\BaseModel->findAll()
#7 D:\xampp\htdocs\dfaphp\vendor\codeigniter4\framework\system\CodeIgniter.php(934): App\Controllers\Dessy->profil()
#8 D:\xampp\htdocs\dfaphp\vendor\codeigniter4\framework\system\CodeIgniter.php(499): CodeIgniter\CodeIgniter->runController(Object(App\Controllers\Dessy))
#9 D:\xampp\htdocs\dfaphp\vendor\codeigniter4\framework\system\CodeIgniter.php(368): CodeIgniter\CodeIgniter->handleRequest(NULL, Object(Config\Cache), false)
#10 D:\xampp\htdocs\dfaphp\public\index.php(67): CodeIgniter\CodeIgniter->run()
#11 D:\xampp\htdocs\dfaphp\vendor\codeigniter4\framework\system\Commands\Server\rewrite.php(47): require_once('D:\\xampp\\htdocs...')
#12 {main}
CRITICAL - 2023-05-20 02:27:22 --> Table 'profil.profil_dessy' doesn't exist
in SYSTEMPATH\Database\MySQLi\Connection.php on line 295.
 1 SYSTEMPATH\Database\MySQLi\Connection.php(295): mysqli->query('SELECT *
FROM `profil_dessy`', 0)
 2 SYSTEMPATH\Database\BaseConnection.php(692): CodeIgniter\Database\MySQLi\Connection->execute('SELECT *
FROM `profil_dessy`')
 3 SYSTEMPATH\Database\BaseConnection.php(606): CodeIgniter\Database\BaseConnection->simpleQuery('SELECT *
FROM `profil_dessy`')
 4 SYSTEMPATH\Database\BaseBuilder.php(1616): CodeIgniter\Database\BaseConnection->query('SELECT *
FROM `profil_dessy`', [], false)
 5 SYSTEMPATH\Model.php(241): CodeIgniter\Database\BaseBuilder->get()
 6 SYSTEMPATH\BaseModel.php(618): CodeIgniter\Model->doFindAll(0, 0)
 7 APPPATH\Controllers\Dessy.php(31): CodeIgniter\BaseModel->findAll()
 8 SYSTEMPATH\CodeIgniter.php(934): App\Controllers\Dessy->profil()
 9 SYSTEMPATH\CodeIgniter.php(499): CodeIgniter\CodeIgniter->runController(Object(App\Controllers\Dessy))
10 SYSTEMPATH\CodeIgniter.php(368): CodeIgniter\CodeIgniter->handleRequest(null, Object(Config\Cache), false)
11 FCPATH\index.php(67): CodeIgniter\CodeIgniter->run()
12 SYSTEMPATH\Commands\Server\rewrite.php(47): require_once('D:\\xampp\\htdocs\\dfaphp\\public\\index.php')
ERROR - 2023-05-20 02:31:07 --> mysqli_sql_exception: Table 'profil.profil_dessy' doesn't exist in D:\xampp\htdocs\dfaphp\vendor\codeigniter4\framework\system\Database\MySQLi\Connection.php:295
Stack trace:
#0 D:\xampp\htdocs\dfaphp\vendor\codeigniter4\framework\system\Database\MySQLi\Connection.php(295): mysqli->query('SELECT *\nFROM `...', 0)
#1 D:\xampp\htdocs\dfaphp\vendor\codeigniter4\framework\system\Database\BaseConnection.php(692): CodeIgniter\Database\MySQLi\Connection->execute('SELECT *\nFROM `...')
#2 D:\xampp\htdocs\dfaphp\vendor\codeigniter4\framework\system\Database\BaseConnection.php(606): CodeIgniter\Database\BaseConnection->simpleQuery('SELECT *\nFROM `...')
#3 D:\xampp\htdocs\dfaphp\vendor\codeigniter4\framework\system\Database\BaseBuilder.php(1616): CodeIgniter\Database\BaseConnection->query('SELECT *\nFROM `...', Array, false)
#4 D:\xampp\htdocs\dfaphp\vendor\codeigniter4\framework\system\Model.php(241): CodeIgniter\Database\BaseBuilder->get()
#5 D:\xampp\htdocs\dfaphp\vendor\codeigniter4\framework\system\BaseModel.php(618): CodeIgniter\Model->doFindAll(0, 0)
#6 D:\xampp\htdocs\dfaphp\app\Controllers\Dessy.php(31): CodeIgniter\BaseModel->findAll()
#7 D:\xampp\htdocs\dfaphp\vendor\codeigniter4\framework\system\CodeIgniter.php(934): App\Controllers\Dessy->profil()
#8 D:\xampp\htdocs\dfaphp\vendor\codeigniter4\framework\system\CodeIgniter.php(499): CodeIgniter\CodeIgniter->runController(Object(App\Controllers\Dessy))
#9 D:\xampp\htdocs\dfaphp\vendor\codeigniter4\framework\system\CodeIgniter.php(368): CodeIgniter\CodeIgniter->handleRequest(NULL, Object(Config\Cache), false)
#10 D:\xampp\htdocs\dfaphp\public\index.php(67): CodeIgniter\CodeIgniter->run()
#11 D:\xampp\htdocs\dfaphp\vendor\codeigniter4\framework\system\Commands\Server\rewrite.php(47): require_once('D:\\xampp\\htdocs...')
#12 {main}
CRITICAL - 2023-05-20 02:31:07 --> Table 'profil.profil_dessy' doesn't exist
in SYSTEMPATH\Database\MySQLi\Connection.php on line 295.
 1 SYSTEMPATH\Database\MySQLi\Connection.php(295): mysqli->query('SELECT *
FROM `profil_dessy`', 0)
 2 SYSTEMPATH\Database\BaseConnection.php(692): CodeIgniter\Database\MySQLi\Connection->execute('SELECT *
FROM `profil_dessy`')
 3 SYSTEMPATH\Database\BaseConnection.php(606): CodeIgniter\Database\BaseConnection->simpleQuery('SELECT *
FROM `profil_dessy`')
 4 SYSTEMPATH\Database\BaseBuilder.php(1616): CodeIgniter\Database\BaseConnection->query('SELECT *
FROM `profil_dessy`', [], false)
 5 SYSTEMPATH\Model.php(241): CodeIgniter\Database\BaseBuilder->get()
 6 SYSTEMPATH\BaseModel.php(618): CodeIgniter\Model->doFindAll(0, 0)
 7 APPPATH\Controllers\Dessy.php(31): CodeIgniter\BaseModel->findAll()
 8 SYSTEMPATH\CodeIgniter.php(934): App\Controllers\Dessy->profil()
 9 SYSTEMPATH\CodeIgniter.php(499): CodeIgniter\CodeIgniter->runController(Object(App\Controllers\Dessy))
10 SYSTEMPATH\CodeIgniter.php(368): CodeIgniter\CodeIgniter->handleRequest(null, Object(Config\Cache), false)
11 FCPATH\index.php(67): CodeIgniter\CodeIgniter->run()
12 SYSTEMPATH\Commands\Server\rewrite.php(47): require_once('D:\\xampp\\htdocs\\dfaphp\\public\\index.php')
ERROR - 2023-05-20 02:31:51 --> mysqli_sql_exception: Table 'profil.profil' doesn't exist in D:\xampp\htdocs\dfaphp\vendor\codeigniter4\framework\system\Database\MySQLi\Connection.php:295
Stack trace:
#0 D:\xampp\htdocs\dfaphp\vendor\codeigniter4\framework\system\Database\MySQLi\Connection.php(295): mysqli->query('SELECT *\nFROM `...', 0)
#1 D:\xampp\htdocs\dfaphp\vendor\codeigniter4\framework\system\Database\BaseConnection.php(692): CodeIgniter\Database\MySQLi\Connection->execute('SELECT *\nFROM `...')
#2 D:\xampp\htdocs\dfaphp\vendor\codeigniter4\framework\system\Database\BaseConnection.php(606): CodeIgniter\Database\BaseConnection->simpleQuery('SELECT *\nFROM `...')
#3 D:\xampp\htdocs\dfaphp\vendor\codeigniter4\framework\system\Database\BaseBuilder.php(1616): CodeIgniter\Database\BaseConnection->query('SELECT *\nFROM `...', Array, false)
#4 D:\xampp\htdocs\dfaphp\vendor\codeigniter4\framework\system\Model.php(241): CodeIgniter\Database\BaseBuilder->get()
#5 D:\xampp\htdocs\dfaphp\vendor\codeigniter4\framework\system\BaseModel.php(618): CodeIgniter\Model->doFindAll(0, 0)
#6 D:\xampp\htdocs\dfaphp\app\Controllers\Dessy.php(31): CodeIgniter\BaseModel->findAll()
#7 D:\xampp\htdocs\dfaphp\vendor\codeigniter4\framework\system\CodeIgniter.php(934): App\Controllers\Dessy->profil()
#8 D:\xampp\htdocs\dfaphp\vendor\codeigniter4\framework\system\CodeIgniter.php(499): CodeIgniter\CodeIgniter->runController(Object(App\Controllers\Dessy))
#9 D:\xampp\htdocs\dfaphp\vendor\codeigniter4\framework\system\CodeIgniter.php(368): CodeIgniter\CodeIgniter->handleRequest(NULL, Object(Config\Cache), false)
#10 D:\xampp\htdocs\dfaphp\public\index.php(67): CodeIgniter\CodeIgniter->run()
#11 D:\xampp\htdocs\dfaphp\vendor\codeigniter4\framework\system\Commands\Server\rewrite.php(47): require_once('D:\\xampp\\htdocs...')
#12 {main}
CRITICAL - 2023-05-20 02:31:51 --> Table 'profil.profil' doesn't exist
in SYSTEMPATH\Database\MySQLi\Connection.php on line 295.
 1 SYSTEMPATH\Database\MySQLi\Connection.php(295): mysqli->query('SELECT *
FROM `profil`', 0)
 2 SYSTEMPATH\Database\BaseConnection.php(692): CodeIgniter\Database\MySQLi\Connection->execute('SELECT *
FROM `profil`')
 3 SYSTEMPATH\Database\BaseConnection.php(606): CodeIgniter\Database\BaseConnection->simpleQuery('SELECT *
FROM `profil`')
 4 SYSTEMPATH\Database\BaseBuilder.php(1616): CodeIgniter\Database\BaseConnection->query('SELECT *
FROM `profil`', [], false)
 5 SYSTEMPATH\Model.php(241): CodeIgniter\Database\BaseBuilder->get()
 6 SYSTEMPATH\BaseModel.php(618): CodeIgniter\Model->doFindAll(0, 0)
 7 APPPATH\Controllers\Dessy.php(31): CodeIgniter\BaseModel->findAll()
 8 SYSTEMPATH\CodeIgniter.php(934): App\Controllers\Dessy->profil()
 9 SYSTEMPATH\CodeIgniter.php(499): CodeIgniter\CodeIgniter->runController(Object(App\Controllers\Dessy))
10 SYSTEMPATH\CodeIgniter.php(368): CodeIgniter\CodeIgniter->handleRequest(null, Object(Config\Cache), false)
11 FCPATH\index.php(67): CodeIgniter\CodeIgniter->run()
12 SYSTEMPATH\Commands\Server\rewrite.php(47): require_once('D:\\xampp\\htdocs\\dfaphp\\public\\index.php')
CRITICAL - 2023-05-20 02:45:10 --> Invalid file: "layout/tempalte.php"
in SYSTEMPATH\Exceptions\FrameworkException.php on line 33.
 1 SYSTEMPATH\View\View.php(201): CodeIgniter\Exceptions\FrameworkException::forInvalidFile('layout/tempalte.php')
 2 SYSTEMPATH\View\View.php(229): CodeIgniter\View\View->render('layout/tempalte', [], true)
 3 SYSTEMPATH\Common.php(1184): CodeIgniter\View\View->render('pages/Beranda', [], true)
 4 APPPATH\Controllers\Dessy.php(21): view('pages/Beranda')
 5 SYSTEMPATH\CodeIgniter.php(934): App\Controllers\Dessy->beranda()
 6 SYSTEMPATH\CodeIgniter.php(499): CodeIgniter\CodeIgniter->runController(Object(App\Controllers\Dessy))
 7 SYSTEMPATH\CodeIgniter.php(368): CodeIgniter\CodeIgniter->handleRequest(null, Object(Config\Cache), false)
 8 FCPATH\index.php(67): CodeIgniter\CodeIgniter->run()
 9 SYSTEMPATH\Commands\Server\rewrite.php(47): require_once('D:\\xampp\\htdocs\\dfaphp\\public\\index.php')
CRITICAL - 2023-05-20 02:45:11 --> Invalid file: "layout/tempalte.php"
in SYSTEMPATH\Exceptions\FrameworkException.php on line 33.
 1 SYSTEMPATH\View\View.php(201): CodeIgniter\Exceptions\FrameworkException::forInvalidFile('layout/tempalte.php')
 2 SYSTEMPATH\View\View.php(229): CodeIgniter\View\View->render('layout/tempalte', [], true)
 3 SYSTEMPATH\Common.php(1184): CodeIgniter\View\View->render('pages/Beranda', [], true)
 4 APPPATH\Controllers\Dessy.php(21): view('pages/Beranda')
 5 SYSTEMPATH\CodeIgniter.php(934): App\Controllers\Dessy->beranda()
 6 SYSTEMPATH\CodeIgniter.php(499): CodeIgniter\CodeIgniter->runController(Object(App\Controllers\Dessy))
 7 SYSTEMPATH\CodeIgniter.php(368): CodeIgniter\CodeIgniter->handleRequest(null, Object(Config\Cache), false)
 8 FCPATH\index.php(67): CodeIgniter\CodeIgniter->run()
 9 SYSTEMPATH\Commands\Server\rewrite.php(47): require_once('D:\\xampp\\htdocs\\dfaphp\\public\\index.php')
CRITICAL - 2023-05-20 05:19:22 --> Undefined array key "nama"
in APPPATH\Views\pages\Profil.php on line 12.
 1 APPPATH\Views\pages\Profil.php(12): CodeIgniter\Debug\Exceptions->errorHandler(2, 'Undefined array key "nama"', 'D:\\xampp\\htdocs\\dfaphp\\app\\Views\\pages\\Profil.php', 12)
 2 SYSTEMPATH\View\View.php(213): include('D:\\xampp\\htdocs\\dfaphp\\app\\Views\\pages\\Profil.php')
 3 SYSTEMPATH\View\View.php(216): CodeIgniter\View\View->CodeIgniter\View\{closure}()
 4 SYSTEMPATH\Common.php(1184): CodeIgniter\View\View->render('pages/Profil', [], true)
 5 APPPATH\Controllers\Dessy.php(32): view('pages/Profil', [...])
 6 SYSTEMPATH\CodeIgniter.php(934): App\Controllers\Dessy->profil()
 7 SYSTEMPATH\CodeIgniter.php(499): CodeIgniter\CodeIgniter->runController(Object(App\Controllers\Dessy))
 8 SYSTEMPATH\CodeIgniter.php(368): CodeIgniter\CodeIgniter->handleRequest(null, Object(Config\Cache), false)
 9 FCPATH\index.php(67): CodeIgniter\CodeIgniter->run()
10 SYSTEMPATH\Commands\Server\rewrite.php(47): require_once('D:\\xampp\\htdocs\\dfaphp\\public\\index.php')
CRITICAL - 2023-05-20 06:04:36 --> Undefined variable $profil
in APPPATH\Views\pages\Beranda.php on line 9.
 1 APPPATH\Views\pages\Beranda.php(9): CodeIgniter\Debug\Exceptions->errorHandler(2, 'Undefined variable $profil', 'D:\\xampp\\htdocs\\dfaphp\\app\\Views\\pages\\Beranda.php', 9)
 2 SYSTEMPATH\View\View.php(213): include('D:\\xampp\\htdocs\\dfaphp\\app\\Views\\pages\\Beranda.php')
 3 SYSTEMPATH\View\View.php(216): CodeIgniter\View\View->CodeIgniter\View\{closure}()
 4 SYSTEMPATH\Common.php(1184): CodeIgniter\View\View->render('pages/Beranda', [], true)
 5 APPPATH\Controllers\Dessy.php(20): view('pages/Beranda', [...])
 6 SYSTEMPATH\CodeIgniter.php(934): App\Controllers\Dessy->beranda()
 7 SYSTEMPATH\CodeIgniter.php(499): CodeIgniter\CodeIgniter->runController(Object(App\Controllers\Dessy))
 8 SYSTEMPATH\CodeIgniter.php(368): CodeIgniter\CodeIgniter->handleRequest(null, Object(Config\Cache), false)
 9 FCPATH\index.php(67): CodeIgniter\CodeIgniter->run()
10 SYSTEMPATH\Commands\Server\rewrite.php(47): require_once('D:\\xampp\\htdocs\\dfaphp\\public\\index.php')
CRITICAL - 2023-05-20 06:08:55 --> Undefined variable $profil
in APPPATH\Views\pages\Beranda.php on line 9.
 1 APPPATH\Views\pages\Beranda.php(9): CodeIgniter\Debug\Exceptions->errorHandler(2, 'Undefined variable $profil', 'D:\\xampp\\htdocs\\dfaphp\\app\\Views\\pages\\Beranda.php', 9)
 2 SYSTEMPATH\View\View.php(213): include('D:\\xampp\\htdocs\\dfaphp\\app\\Views\\pages\\Beranda.php')
 3 SYSTEMPATH\View\View.php(216): CodeIgniter\View\View->CodeIgniter\View\{closure}()
 4 SYSTEMPATH\Common.php(1184): CodeIgniter\View\View->render('pages/Beranda', [], true)
 5 APPPATH\Controllers\Dessy.php(20): view('pages/Beranda', [...])
 6 SYSTEMPATH\CodeIgniter.php(934): App\Controllers\Dessy->beranda()
 7 SYSTEMPATH\CodeIgniter.php(499): CodeIgniter\CodeIgniter->runController(Object(App\Controllers\Dessy))
 8 SYSTEMPATH\CodeIgniter.php(368): CodeIgniter\CodeIgniter->handleRequest(null, Object(Config\Cache), false)
 9 FCPATH\index.php(67): CodeIgniter\CodeIgniter->run()
10 SYSTEMPATH\Commands\Server\rewrite.php(47): require_once('D:\\xampp\\htdocs\\dfaphp\\public\\index.php')
CRITICAL - 2023-05-20 06:09:33 --> Undefined variable $profil
in APPPATH\Views\pages\Beranda.php on line 9.
 1 APPPATH\Views\pages\Beranda.php(9): CodeIgniter\Debug\Exceptions->errorHandler(2, 'Undefined variable $profil', 'D:\\xampp\\htdocs\\dfaphp\\app\\Views\\pages\\Beranda.php', 9)
 2 SYSTEMPATH\View\View.php(213): include('D:\\xampp\\htdocs\\dfaphp\\app\\Views\\pages\\Beranda.php')
 3 SYSTEMPATH\View\View.php(216): CodeIgniter\View\View->CodeIgniter\View\{closure}()
 4 SYSTEMPATH\Common.php(1184): CodeIgniter\View\View->render('pages/Beranda', [], true)
 5 APPPATH\Controllers\Dessy.php(20): view('pages/Beranda', [...])
 6 SYSTEMPATH\CodeIgniter.php(934): App\Controllers\Dessy->beranda()
 7 SYSTEMPATH\CodeIgniter.php(499): CodeIgniter\CodeIgniter->runController(Object(App\Controllers\Dessy))
 8 SYSTEMPATH\CodeIgniter.php(368): CodeIgniter\CodeIgniter->handleRequest(null, Object(Config\Cache), false)
 9 FCPATH\index.php(67): CodeIgniter\CodeIgniter->run()
10 SYSTEMPATH\Commands\Server\rewrite.php(47): require_once('D:\\xampp\\htdocs\\dfaphp\\public\\index.php')
